Sencha Cmd 6.0.0.202 - Crash report
================================================
An error occurred while executing the following command: -ext MyApp .

Diagnostic information:
=======================
                          cmd.config.dir : C:\Users\Ashadi\bin\Sencha\Cmd\6.0.0.202          
                                 cmd.dir : C:\Users\Ashadi\bin\Sencha\Cmd\6.0.0.202          
                            cmd.jvm.args : -Xms128m -Xmx1024m -Dapple.awt.UIElement=true     
              cmd.merge.tool.args.araxis : -wait -merge -3 -a1 {base} {user} {generated} {out}
              cmd.merge.tool.args.kdiff3 : {base} {user} {generated} -o {out}                
             cmd.merge.tool.args.p4merge : {base} {user} {generated} {out}                   
           cmd.merge.tool.args.smartsync : {user} {generated} {base}                         
          cmd.merge.tool.args.sourcegear : --merge --result={out} {user} {base} {generated}  
            cmd.merge.tool.args.tortoise : -base:{base} -theirs:{generated} -mine:{user} -merged:{out}
                              cmd.minver : 3.0.0.0                                           
                            cmd.platform : windows                                           
                         cmd.server.port : 1841                                              
                     cmd.unicode.escapes : C:\Users\Ashadi\bin\Sencha\Cmd\6.0.0.202/unicode-escapes.json
                             cmd.version : 6.0.0.202                                         
                            cmd.web.port : 1841                                              
                          repo.local.dir : C:\Users\Ashadi\bin\Sencha\Cmd\repo               
        system.java.net.useSystemProxies : true                                              

Exception information:
=======================
No such property : ext
     at com.sencha.cli.AbstractCommand$Properties.getProperty(AbstractCommand.java:441)
     at com.sencha.cli.AbstractCommand.parseConfigParam(AbstractCommand.java:465)
     at com.sencha.cli.AbstractCommand.processConfigParam(AbstractCommand.java:515)
     at com.sencha.cli.AbstractCommand.configure(AbstractCommand.java:114)
     at com.sencha.command.Sencha.main(Sencha.java:129)
     at sun.reflect.NativeMethodAccessorImpl.invoke0(Native Method)
     at sun.reflect.NativeMethodAccessorImpl.invoke(Unknown Source)
     at sun.reflect.DelegatingMethodAccessorImpl.invoke(Unknown Source)
     at java.lang.reflect.Method.invoke(Unknown Source)
     at com.exe4j.runtime.LauncherEngine.launch(Unknown Source)
     at com.exe4j.runtime.WinLauncher.main(Unknown Source)
     at com.install4j.runtime.launcher.WinLauncher.main(Unknown Source)

